<?xml version="1.0" encoding="UTF-8"?>
<!-- Generated by org.testng.reporters.JUnitReportReporter -->
<testsuite hostname="LAPTOP-T7PI7EN2" failures="0" tests="1" name="testcases.AmazonLogin" time="0.000" errors="0" timestamp="2024-04-18T14:47:25 IST" skipped="1">
  <testcase classname="testcases.AmazonLogin" name="login" time="0.000">
    <skipped/>
  </testcase> <!-- login -->
  <system-out/>
</testsuite> <!-- testcases.AmazonLogin -->
