<?xml version="1.0" encoding="UTF-8"?>
<!-- Generated by org.testng.reporters.JUnitReportReporter -->
<testsuite hostname="LAPTOP-T7PI7EN2" failures="0" tests="1" name="testcases.SigninTest" time="1.552" errors="0" timestamp="2024-04-18T14:47:25 IST" skipped="0">
  <testcase classname="testcases.SigninTest" name="signin" time="1.552"/>
  <system-out/>
</testsuite> <!-- testcases.SigninTest -->
